This is pdfTeX, Version 3.141592653-2.6-1.40.23 (TeX Live 2021/Arch Linux) (preloaded format=pdflatex 2022.5.1)  2 MAY 2022 16:52
entering extended mode
 restricted \write18 enabled.
 %&-line parsing enabled.
**thesis.te
(/usr/share/texmf-dist/tex/latex/tools/q.tex
LaTeX2e <2021-11-15> patch level 1
L3 programming layer <2022-02-24> File ignored
)
! Emergency stop.
<*> thesis.te
             
*** (job aborted, no legal \end found)

 
Here is how much of TeX's memory you used:
 19 strings out of 478276
 491 string characters out of 5853014
 289381 words of memory out of 5000000
 18324 multiletter control sequences out of 15000+600000
 469259 words of font info for 28 fonts, out of 8000000 for 9000
 1141 hyphenation exceptions out of 8191
 13i,0n,12p,89b,10s stack positions out of 5000i,500n,10000p,200000b,80000s
!  ==> Fatal error occurred, no output PDF file produced!
